# JRE version: OpenJDK Runtime Environment Temurin-21.0.10+7 (21.0.10+7) (build 21.0.10+7-LTS)
# Java VM: OpenJDK 64-Bit Server VM Temurin-21.0.10+7 (21.0.10+7-LTS, mixed mode, sharing, tiered, compressed oops, compressed class ptrs, parallel gc, windows-amd64)
GC Precious Log:
 CardTable entry size: 512
 CPUs: 12 total, 12 available
 Memory: 16067M
 Large Page Support: Disabled
 NUMA Support: Disabled
 Compressed Oops: Enabled (32-bit)
 Alignments: Space 512K, Generation 512K, Heap 2M
 Heap Min Capacity: 100M
 Heap Initial Capacity: 100M
 Heap Max Capacity: 2G
 Pre-touch: Disabled
 Parallel Workers: 10
Heap:
 PSYoungGen      total 12800K, used 9849K [0x00000000d5580000, 0x00000000d6380000, 0x0000000100000000)
  eden space 11264K, 75% used [0x00000000d5580000,0x00000000d5dc1248,0x00000000d6080000)
  from space 1536K, 90% used [0x00000000d6080000,0x00000000d61dd200,0x00000000d6200000)
  to   space 1536K, 0% used [0x00000000d6200000,0x00000000d6200000,0x00000000d6380000)
 ParOldGen       total 542208K, used 541742K [0x0000000080000000, 0x00000000a1180000, 0x00000000d5580000)
  object space 542208K, 99% used [0x0000000080000000,0x00000000a110bbe0,0x00000000a1180000)
 Metaspace       used 68225K, committed 69696K, reserved 1114112K
  class space    used 7271K, committed 7936K, reserved 1048576K
GC Heap History (20 events):
Event: 46.891 GC heap before
{Heap before GC invocations=549 (full 3):
 PSYoungGen      total 12800K, used 12800K [0x00000000d5580000, 0x00000000d6500000, 0x0000000100000000)
  eden space 11776K, 100% used [0x00000000d5580000,0x00000000d6100000,0x00000000d6100000)
  from space 1024K, 100% used [0x00000000d6100000,0x00000000d6200000,0x00000000d6200000)
  to   space 2048K, 0% used [0x00000000d6300000,0x00000000d6300000,0x00000000d6500000)
 ParOldGen       total 532480K, used 532439K [0x0000000080000000, 0x00000000a0800000, 0x00000000d5580000)
  object space 532480K, 99% used [0x0000000080000000,0x00000000a07f5f90,0x00000000a0800000)
 Metaspace       used 67231K, committed 68800K, reserved 1114112K
  class space    used 7246K, committed 7936K, reserved 1048576K
}
Event: 46.894 GC heap after
{Heap after GC invocations=549 (full 3):
 PSYoungGen      total 13312K, used 1140K [0x00000000d5580000, 0x00000000d6480000, 0x0000000100000000)
  eden space 11776K, 0% used [0x00000000d5580000,0x00000000d5580000,0x00000000d6100000)
  from space 1536K, 74% used [0x00000000d6300000,0x00000000d641d200,0x00000000d6480000)
  to   space 1536K, 0% used [0x00000000d6180000,0x00000000d6180000,0x00000000d6300000)
 ParOldGen       total 533504K, used 533388K [0x0000000080000000, 0x00000000a0900000, 0x00000000d5580000)
  object space 533504K, 99% used [0x0000000080000000,0x00000000a08e3230,0x00000000a0900000)
 Metaspace       used 67231K, committed 68800K, reserved 1114112K
  class space    used 7246K, committed 7936K, reserved 1048576K
}
Event: 46.976 GC heap before
{Heap before GC invocations=550 (full 3):
 PSYoungGen      total 13312K, used 12916K [0x00000000d5580000, 0x00000000d6480000, 0x0000000100000000)
  eden space 11776K, 100% used [0x00000000d5580000,0x00000000d6100000,0x00000000d6100000)
  from space 1536K, 74% used [0x00000000d6300000,0x00000000d641d200,0x00000000d6480000)
  to   space 1536K, 0% used [0x00000000d6180000,0x00000000d6180000,0x00000000d6300000)
 ParOldGen       total 533504K, used 533388K [0x0000000080000000, 0x00000000a0900000, 0x00000000d5580000)
  object space 533504K, 99% used [0x0000000080000000,0x00000000a08e3230,0x00000000a0900000)
 Metaspace       used 67324K, committed 68864K, reserved 1114112K
  class space    used 7247K, committed 7936K, reserved 1048576K
}
Event: 46.978 GC heap after
{Heap after GC invocations=550 (full 3):
 PSYoungGen      total 13312K, used 1092K [0x00000000d5580000, 0x00000000d6400000, 0x0000000100000000)
  eden space 11776K, 0% used [0x00000000d5580000,0x00000000d5580000,0x00000000d6100000)
  from space 1536K, 71% used [0x00000000d6180000,0x00000000d6291210,0x00000000d6300000)
  to   space 1024K, 0% used [0x00000000d6300000,0x00000000d6300000,0x00000000d6400000)
 ParOldGen       total 534528K, used 534401K [0x0000000080000000, 0x00000000a0a00000, 0x00000000d5580000)
  object space 534528K, 99% used [0x0000000080000000,0x00000000a09e05f8,0x00000000a0a00000)
 Metaspace       used 67324K, committed 68864K, reserved 1114112K
  class space    used 7247K, committed 7936K, reserved 1048576K
}
Event: 47.056 GC heap before
{Heap before GC invocations=551 (full 3):
 PSYoungGen      total 13312K, used 12868K [0x00000000d5580000, 0x00000000d6400000, 0x0000000100000000)
  eden space 11776K, 100% used [0x00000000d5580000,0x00000000d6100000,0x00000000d6100000)
  from space 1536K, 71% used [0x00000000d6180000,0x00000000d6291210,0x00000000d6300000)
  to   space 1024K, 0% used [0x00000000d6300000,0x00000000d6300000,0x00000000d6400000)
 ParOldGen       total 534528K, used 534401K [0x0000000080000000, 0x00000000a0a00000, 0x00000000d5580000)
  object space 534528K, 99% used [0x0000000080000000,0x00000000a09e05f8,0x00000000a0a00000)
 Metaspace       used 67438K, committed 68992K, reserved 1114112K
  class space    used 7247K, committed 7936K, reserved 1048576K
}
Event: 47.058 GC heap after
{Heap after GC invocations=551 (full 3):
 PSYoungGen      total 12288K, used 996K [0x00000000d5580000, 0x00000000d6600000, 0x0000000100000000)
  eden space 11264K, 0% used [0x00000000d5580000,0x00000000d5580000,0x00000000d6080000)
  from space 1024K, 97% used [0x00000000d6300000,0x00000000d63f9210,0x00000000d6400000)
  to   space 2560K, 0% used [0x00000000d6080000,0x00000000d6080000,0x00000000d6300000)
 ParOldGen       total 535552K, used 535466K [0x0000000080000000, 0x00000000a0b00000, 0x00000000d5580000)
  object space 535552K, 99% used [0x0000000080000000,0x00000000a0aeaaf8,0x00000000a0b00000)
 Metaspace       used 67438K, committed 68992K, reserved 1114112K
  class space    used 7247K, committed 7936K, reserved 1048576K
}
Event: 47.124 GC heap before
{Heap before GC invocations=552 (full 3):
 PSYoungGen      total 12288K, used 12260K [0x00000000d5580000, 0x00000000d6600000, 0x0000000100000000)
  eden space 11264K, 100% used [0x00000000d5580000,0x00000000d6080000,0x00000000d6080000)
  from space 1024K, 97% used [0x00000000d6300000,0x00000000d63f9210,0x00000000d6400000)
  to   space 2560K, 0% used [0x00000000d6080000,0x00000000d6080000,0x00000000d6300000)
 ParOldGen       total 535552K, used 535466K [0x0000000080000000, 0x00000000a0b00000, 0x00000000d5580000)
  object space 535552K, 99% used [0x0000000080000000,0x00000000a0aeaaf8,0x00000000a0b00000)
 Metaspace       used 67524K, committed 69056K, reserved 1114112K
  class space    used 7247K, committed 7936K, reserved 1048576K
}
Event: 47.126 GC heap after
{Heap after GC invocations=552 (full 3):
 PSYoungGen      total 12288K, used 756K [0x00000000d5580000, 0x00000000d6380000, 0x0000000100000000)
  eden space 11264K, 0% used [0x00000000d5580000,0x00000000d5580000,0x00000000d6080000)
  from space 1024K, 73% used [0x00000000d6080000,0x00000000d613d200,0x00000000d6180000)
  to   space 1536K, 0% used [0x00000000d6200000,0x00000000d6200000,0x00000000d6380000)
 ParOldGen       total 536576K, used 536407K [0x0000000080000000, 0x00000000a0c00000, 0x00000000d5580000)
  object space 536576K, 99% used [0x0000000080000000,0x00000000a0bd5d08,0x00000000a0c00000)
 Metaspace       used 67524K, committed 69056K, reserved 1114112K
  class space    used 7247K, committed 7936K, reserved 1048576K
}
Event: 47.197 GC heap before
{Heap before GC invocations=553 (full 3):
 PSYoungGen      total 12288K, used 12020K [0x00000000d5580000, 0x00000000d6380000, 0x0000000100000000)
  eden space 11264K, 100% used [0x00000000d5580000,0x00000000d6080000,0x00000000d6080000)
  from space 1024K, 73% used [0x00000000d6080000,0x00000000d613d200,0x00000000d6180000)
  to   space 1536K, 0% used [0x00000000d6200000,0x00000000d6200000,0x00000000d6380000)
 ParOldGen       total 536576K, used 536407K [0x0000000080000000, 0x00000000a0c00000, 0x00000000d5580000)
  object space 536576K, 99% used [0x0000000080000000,0x00000000a0bd5d08,0x00000000a0c00000)
 Metaspace       used 67580K, committed 69120K, reserved 1114112K
  class space    used 7248K, committed 7936K, reserved 1048576K
}
Event: 47.198 GC heap after
{Heap after GC invocations=553 (full 3):
 PSYoungGen      total 12288K, used 884K [0x00000000d5580000, 0x00000000d6300000, 0x0000000100000000)
  eden space 11264K, 0% used [0x00000000d5580000,0x00000000d5580000,0x00000000d6080000)
  from space 1024K, 86% used [0x00000000d6200000,0x00000000d62dd200,0x00000000d6300000)
  to   space 1024K, 0% used [0x00000000d6080000,0x00000000d6080000,0x00000000d6180000)
 ParOldGen       total 536576K, used 536535K [0x0000000080000000, 0x00000000a0c00000, 0x00000000d5580000)
  object space 536576K, 99% used [0x0000000080000000,0x00000000a0bf5d08,0x00000000a0c00000)
 Metaspace       used 67580K, committed 69120K, reserved 1114112K
  class space    used 7248K, committed 7936K, reserved 1048576K
}
Event: 47.287 GC heap before
{Heap before GC invocations=554 (full 3):
 PSYoungGen      total 12288K, used 12148K [0x00000000d5580000, 0x00000000d6300000, 0x0000000100000000)
  eden space 11264K, 100% used [0x00000000d5580000,0x00000000d6080000,0x00000000d6080000)
  from space 1024K, 86% used [0x00000000d6200000,0x00000000d62dd200,0x00000000d6300000)
  to   space 1024K, 0% used [0x00000000d6080000,0x00000000d6080000,0x00000000d6180000)
 ParOldGen       total 536576K, used 536535K [0x0000000080000000, 0x00000000a0c00000, 0x00000000d5580000)
  object space 536576K, 99% used [0x0000000080000000,0x00000000a0bf5d08,0x00000000a0c00000)
 Metaspace       used 67723K, committed 69248K, reserved 1114112K
  class space    used 7257K, committed 7936K, reserved 1048576K
}
Event: 47.290 GC heap after
{Heap after GC invocations=554 (full 3):
 PSYoungGen      total 12288K, used 1012K [0x00000000d5580000, 0x00000000d6580000, 0x0000000100000000)
  eden space 11264K, 0% used [0x00000000d5580000,0x00000000d5580000,0x00000000d6080000)
  from space 1024K, 98% used [0x00000000d6080000,0x00000000d617d200,0x00000000d6180000)
  to   space 2560K, 0% used [0x00000000d6300000,0x00000000d6300000,0x00000000d6580000)
 ParOldGen       total 537600K, used 537540K [0x0000000080000000, 0x00000000a0d00000, 0x00000000d5580000)
  object space 537600K, 99% used [0x0000000080000000,0x00000000a0cf1008,0x00000000a0d00000)
 Metaspace       used 67723K, committed 69248K, reserved 1114112K
  class space    used 7257K, committed 7936K, reserved 1048576K
}
Event: 47.371 GC heap before
{Heap before GC invocations=555 (full 3):
 PSYoungGen      total 12288K, used 12276K [0x00000000d5580000, 0x00000000d6580000, 0x0000000100000000)
  eden space 11264K, 100% used [0x00000000d5580000,0x00000000d6080000,0x00000000d6080000)
  from space 1024K, 98% used [0x00000000d6080000,0x00000000d617d200,0x00000000d6180000)
  to   space 2560K, 0% used [0x00000000d6300000,0x00000000d6300000,0x00000000d6580000)
 ParOldGen       total 537600K, used 537540K [0x0000000080000000, 0x00000000a0d00000, 0x00000000d5580000)
  object space 537600K, 99% used [0x0000000080000000,0x00000000a0cf1008,0x00000000a0d00000)
 Metaspace       used 67842K, committed 69376K, reserved 1114112K
  class space    used 7258K, committed 7936K, reserved 1048576K
}
Event: 47.373 GC heap after
{Heap after GC invocations=555 (full 3):
 PSYoungGen      total 13312K, used 1556K [0x00000000d5580000, 0x00000000d6500000, 0x0000000100000000)
  eden space 11264K, 0% used [0x00000000d5580000,0x00000000d5580000,0x00000000d6080000)
  from space 2048K, 75% used [0x00000000d6300000,0x00000000d6485098,0x00000000d6500000)
  to   space 2048K, 0% used [0x00000000d6100000,0x00000000d6100000,0x00000000d6300000)
 ParOldGen       total 538624K, used 538493K [0x0000000080000000, 0x00000000a0e00000, 0x00000000d5580000)
  object space 538624K, 99% used [0x0000000080000000,0x00000000a0ddf778,0x00000000a0e00000)
 Metaspace       used 67842K, committed 69376K, reserved 1114112K
  class space    used 7258K, committed 7936K, reserved 1048576K
}
Event: 47.438 GC heap before
{Heap before GC invocations=556 (full 3):
 PSYoungGen      total 13312K, used 12820K [0x00000000d5580000, 0x00000000d6500000, 0x0000000100000000)
  eden space 11264K, 100% used [0x00000000d5580000,0x00000000d6080000,0x00000000d6080000)
  from space 2048K, 75% used [0x00000000d6300000,0x00000000d6485098,0x00000000d6500000)
  to   space 2048K, 0% used [0x00000000d6100000,0x00000000d6100000,0x00000000d6300000)
 ParOldGen       total 538624K, used 538493K [0x0000000080000000, 0x00000000a0e00000, 0x00000000d5580000)
  object space 538624K, 99% used [0x0000000080000000,0x00000000a0ddf778,0x00000000a0e00000)
 Metaspace       used 67934K, committed 69440K, reserved 1114112K
  class space    used 7262K, committed 7936K, reserved 1048576K
}
Event: 47.440 GC heap after
{Heap after GC invocations=556 (full 3):
 PSYoungGen      total 12288K, used 916K [0x00000000d5580000, 0x00000000d6380000, 0x0000000100000000)
  eden space 11264K, 0% used [0x00000000d5580000,0x00000000d5580000,0x00000000d6080000)
  from space 1024K, 89% used [0x00000000d6100000,0x00000000d61e5200,0x00000000d6200000)
  to   space 1536K, 0% used [0x00000000d6200000,0x00000000d6200000,0x00000000d6380000)
 ParOldGen       total 540160K, used 539662K [0x0000000080000000, 0x00000000a0f80000, 0x00000000d5580000)
  object space 540160K, 99% used [0x0000000080000000,0x00000000a0f03bb8,0x00000000a0f80000)
 Metaspace       used 67934K, committed 69440K, reserved 1114112K
  class space    used 7262K, committed 7936K, reserved 1048576K
}
Event: 47.506 GC heap before
{Heap before GC invocations=557 (full 3):
 PSYoungGen      total 12288K, used 12180K [0x00000000d5580000, 0x00000000d6380000, 0x0000000100000000)
  eden space 11264K, 100% used [0x00000000d5580000,0x00000000d6080000,0x00000000d6080000)
  from space 1024K, 89% used [0x00000000d6100000,0x00000000d61e5200,0x00000000d6200000)
  to   space 1536K, 0% used [0x00000000d6200000,0x00000000d6200000,0x00000000d6380000)
 ParOldGen       total 540160K, used 539662K [0x0000000080000000, 0x00000000a0f80000, 0x00000000d5580000)
  object space 540160K, 99% used [0x0000000080000000,0x00000000a0f03bb8,0x00000000a0f80000)
 Metaspace       used 68056K, committed 69568K, reserved 1114112K
  class space    used 7265K, committed 7936K, reserved 1048576K
}
Event: 47.508 GC heap after
{Heap after GC invocations=557 (full 3):
 PSYoungGen      total 12800K, used 1427K [0x00000000d5580000, 0x00000000d6380000, 0x0000000100000000)
  eden space 11264K, 0% used [0x00000000d5580000,0x00000000d5580000,0x00000000d6080000)
  from space 1536K, 92% used [0x00000000d6200000,0x00000000d6364e88,0x00000000d6380000)
  to   space 1536K, 0% used [0x00000000d6080000,0x00000000d6080000,0x00000000d6200000)
 ParOldGen       total 540672K, used 540477K [0x0000000080000000, 0x00000000a1000000, 0x00000000d5580000)
  object space 540672K, 99% used [0x0000000080000000,0x00000000a0fcf7d8,0x00000000a1000000)
 Metaspace       used 68056K, committed 69568K, reserved 1114112K
  class space    used 7265K, committed 7936K, reserved 1048576K
}
Event: 47.571 GC heap before
{Heap before GC invocations=558 (full 3):
 PSYoungGen      total 12800K, used 12691K [0x00000000d5580000, 0x00000000d6380000, 0x0000000100000000)
  eden space 11264K, 100% used [0x00000000d5580000,0x00000000d6080000,0x00000000d6080000)
  from space 1536K, 92% used [0x00000000d6200000,0x00000000d6364e88,0x00000000d6380000)
  to   space 1536K, 0% used [0x00000000d6080000,0x00000000d6080000,0x00000000d6200000)
 ParOldGen       total 540672K, used 540477K [0x0000000080000000, 0x00000000a1000000, 0x00000000d5580000)
  object space 540672K, 99% used [0x0000000080000000,0x00000000a0fcf7d8,0x00000000a1000000)
 Metaspace       used 68162K, committed 69632K, reserved 1114112K
  class space    used 7266K, committed 7936K, reserved 1048576K
}
Event: 47.574 GC heap after
{Heap after GC invocations=558 (full 3):
 PSYoungGen      total 12800K, used 1396K [0x00000000d5580000, 0x00000000d6380000, 0x0000000100000000)
  eden space 11264K, 0% used [0x00000000d5580000,0x00000000d5580000,0x00000000d6080000)
  from space 1536K, 90% used [0x00000000d6080000,0x00000000d61dd200,0x00000000d6200000)
  to   space 1536K, 0% used [0x00000000d6200000,0x00000000d6200000,0x00000000d6380000)
 ParOldGen       total 542208K, used 541742K [0x0000000080000000, 0x00000000a1180000, 0x00000000d5580000)
  object space 542208K, 99% used [0x0000000080000000,0x00000000a110bbe0,0x00000000a1180000)
 Metaspace       used 68162K, committed 69632K, reserved 1114112K
  class space    used 7266K, committed 7936K, reserved 1048576K
}

